[debug] [2024-06-25T03:02:55.740Z] ----------------------------------------------------------------------
[debug] [2024-06-25T03:02:55.742Z] Command:       C:\Program Files\nodejs\node.exe C:\Users\omarb\AppData\Roaming\npm\node_modules\firebase-tools\lib\bin\firebase.js init
[debug] [2024-06-25T03:02:55.742Z] CLI Version:   13.11.4
[debug] [2024-06-25T03:02:55.742Z] Platform:      win32
[debug] [2024-06-25T03:02:55.742Z] Node Version:  v20.11.0
[debug] [2024-06-25T03:02:55.743Z] Time:          Mon Jun 24 2024 21:02:55 GMT-0600 (hora estándar central)
[debug] [2024-06-25T03:02:55.743Z] ----------------------------------------------------------------------
[debug] 
[debug] [2024-06-25T03:02:55.747Z] > command requires scopes: ["email","openid","https://www.googleapis.com/auth/cloudplatformprojects.readonly","https://www.googleapis.com/auth/firebase","https://www.googleapis.com/auth/cloud-platform"]
[debug] [2024-06-25T03:02:55.748Z] > authorizing via signed-in user (omarboza@gmail.com)
[info] 
     ######## #### ########  ######## ########     ###     ######  ########
     ##        ##  ##     ## ##       ##     ##  ##   ##  ##       ##
     ######    ##  ########  ######   ########  #########  ######  ######
     ##        ##  ##    ##  ##       ##     ## ##     ##       ## ##
     ##       #### ##     ## ######## ########  ##     ##  ######  ########

You're about to initialize a Firebase project in this directory:

  C:\Users\omarb\WebstormProjects\todoServer

[info] 
=== Project Setup
[info] 
[info] First, let's associate this project directory with a Firebase project.
[info] You can create multiple project aliases by running firebase use --add, 
[info] but for now we'll just set up a default project.
[info] 
[debug] [2024-06-25T03:03:27.276Z] > refreshing access token with scopes: []
[debug] [2024-06-25T03:03:27.278Z] >>> [apiv2][query] POST https://www.googleapis.com/oauth2/v3/token [none]
[debug] [2024-06-25T03:03:27.278Z] >>> [apiv2][body] POST https://www.googleapis.com/oauth2/v3/token [omitted]
[debug] [2024-06-25T03:03:27.531Z] <<< [apiv2][status] POST https://www.googleapis.com/oauth2/v3/token 200
[debug] [2024-06-25T03:03:27.531Z] <<< [apiv2][body] POST https://www.googleapis.com/oauth2/v3/token [omitted]
[debug] [2024-06-25T03:03:27.537Z] >>> [apiv2][query] GET https://firebase.googleapis.com/v1beta1/projects pageSize=100
[debug] [2024-06-25T03:03:27.998Z] <<< [apiv2][status] GET https://firebase.googleapis.com/v1beta1/projects 200
[debug] [2024-06-25T03:03:27.998Z] <<< [apiv2][body] GET https://firebase.googleapis.com/v1beta1/projects [omitted]
[info] i  Using project atom-43343 (Atom) 
[info] 
=== Hosting Setup
[debug] [2024-06-25T03:03:29.279Z] >>> [apiv2][query] GET https://firebase.googleapis.com/v1beta1/projects/atom-43343 [none]
[debug] [2024-06-25T03:03:29.622Z] <<< [apiv2][status] GET https://firebase.googleapis.com/v1beta1/projects/atom-43343 200
[debug] [2024-06-25T03:03:29.622Z] <<< [apiv2][body] GET https://firebase.googleapis.com/v1beta1/projects/atom-43343 {"projectId":"atom-43343","projectNumber":"96838121545","displayName":"Atom","name":"projects/atom-43343","resources":{"hostingSite":"atom-43343"},"state":"ACTIVE","etag":"1_a94cef22-f499-4d47-ba73-fca697d76a19"}
[info] 
[info] Your public directory is the folder (relative to your project directory) that
[info] will contain Hosting assets to be uploaded with firebase deploy. If you
[info] have a build process for your assets, use your build's output directory.
[info] 
